<?xml version="1.0" encoding="UTF-8"?>
<!-- Generated by org.testng.reporters.JUnitReportReporter -->
<testsuite hostname="Z3P4PUGAVS0081" failures="0" tests="1" name="testCases.RemovecharacterlimitonPostsandComments4059" time="2.929" errors="0" timestamp="2022-01-24T10:19:43 IST" skipped="0">
  <testcase classname="testCases.RemovecharacterlimitonPostsandComments4059" name="RemovecharacterlimitonPostsandCommentsPC_4059" time="2.929"/>
  <system-out/>
</testsuite> <!-- testCases.RemovecharacterlimitonPostsandComments4059 -->
