<?xml version="1.0" encoding="UTF-8"?>
<!-- Generated by org.testng.reporters.JUnitReportReporter -->
<testsuite hostname="Z3P4PUGAVS0081" failures="0" tests="1" name="testCases.QAFooterAdminPortalWebApp3151" time="2.111" errors="0" timestamp="2022-01-19T19:15:41 IST" skipped="0">
  <testcase classname="testCases.QAFooterAdminPortalWebApp3151" name="QAFooterAdminPortalWebAppPC_3151" time="2.111"/>
  <system-out/>
</testsuite> <!-- testCases.QAFooterAdminPortalWebApp3151 -->
