<?xml version="1.0" encoding="UTF-8"?>
<!-- Generated by org.testng.reporters.JUnitReportReporter -->
<testsuite hostname="Z3P4PUGAVS0081" failures="0" tests="1" name="testCases.ProfileIconnotappearinginmessagewidget4057" time="2.860" errors="0" timestamp="2022-01-19T19:08:38 IST" skipped="0">
  <testcase classname="testCases.ProfileIconnotappearinginmessagewidget4057" name="ProfileIconnotappearinginmessagewidgetPC_4057" time="2.860"/>
  <system-out/>
</testsuite> <!-- testCases.ProfileIconnotappearinginmessagewidget4057 -->
