<?xml version="1.0" encoding="UTF-8"?>
<!-- Generated by org.testng.reporters.JUnitReportReporter -->
<testsuite hostname="Z3P4PUGAVS0081" failures="0" tests="1" name="testCases.Postsnotloadedonfirstlaunch3794" time="3.172" errors="0" timestamp="2022-01-17T12:53:06 IST" skipped="0">
  <testcase classname="testCases.Postsnotloadedonfirstlaunch3794" name="PostsnotloadedonfirstlaunchPC_3794" time="3.172"/>
  <system-out/>
</testsuite> <!-- testCases.Postsnotloadedonfirstlaunch3794 -->
